# JRE version: Java(TM) SE Runtime Environment (17.0.12+8) (build 17.0.12+8-LTS-286)
# Java VM: Java HotSpot(TM) 64-Bit Server VM (17.0.12+8-LTS-286, mixed mode, sharing, tiered, compressed oops, compressed class ptrs, g1 gc, windows-amd64)
GC Precious Log:
 CPUs: 8 total, 8 available
 Memory: 7932M
 Large Page Support: Disabled
 NUMA Support: Disabled
 Compressed Oops: Enabled (32-bit)
 Heap Region Size: 1M
 Heap Min Capacity: 8M
 Heap Initial Capacity: 124M
 Heap Max Capacity: 1984M
 Pre-touch: Disabled
 Parallel Workers: 8
 Concurrent Workers: 2
 Concurrent Refinement Workers: 8
 Periodic GC: Disabled
Heap:
 garbage-first heap   total 115712K, used 53169K [0x0000000084000000, 0x0000000100000000)
  region size 1024K, 1 young (1024K), 1 survivors (1024K)
 Metaspace       used 27509K, committed 27776K, reserved 1114112K
  class space    used 3214K, committed 3328K, reserved 1048576K
GC Heap History (20 events):
Event: 0.537 GC heap after
{Heap after GC invocations=1 (full 0):
 garbage-first heap   total 126976K, used 3664K [0x0000000084000000, 0x0000000100000000)
  region size 1024K, 3 young (3072K), 3 survivors (3072K)
 Metaspace       used 5477K, committed 5696K, reserved 1114112K
  class space    used 664K, committed 768K, reserved 1048576K
}
Event: 1.002 GC heap before
{Heap before GC invocations=1 (full 0):
 garbage-first heap   total 126976K, used 35408K [0x0000000084000000, 0x0000000100000000)
  region size 1024K, 34 young (34816K), 3 survivors (3072K)
 Metaspace       used 9952K, committed 10112K, reserved 1114112K
  class space    used 1218K, committed 1280K, reserved 1048576K
}
Event: 1.009 GC heap after
{Heap after GC invocations=2 (full 0):
 garbage-first heap   total 126976K, used 5722K [0x0000000084000000, 0x0000000100000000)
  region size 1024K, 2 young (2048K), 2 survivors (2048K)
 Metaspace       used 9952K, committed 10112K, reserved 1114112K
  class space    used 1218K, committed 1280K, reserved 1048576K
}
Event: 2.650 GC heap before
{Heap before GC invocations=2 (full 0):
 garbage-first heap   total 126976K, used 79450K [0x0000000084000000, 0x0000000100000000)
  region size 1024K, 74 young (75776K), 2 survivors (2048K)
 Metaspace       used 15676K, committed 15872K, reserved 1114112K
  class space    used 1865K, committed 1920K, reserved 1048576K
}
Event: 2.670 GC heap after
{Heap after GC invocations=3 (full 0):
 garbage-first heap   total 126976K, used 12644K [0x0000000084000000, 0x0000000100000000)
  region size 1024K, 9 young (9216K), 9 survivors (9216K)
 Metaspace       used 15676K, committed 15872K, reserved 1114112K
  class space    used 1865K, committed 1920K, reserved 1048576K
}
Event: 4.076 GC heap before
{Heap before GC invocations=3 (full 0):
 garbage-first heap   total 126976K, used 107876K [0x0000000084000000, 0x0000000100000000)
  region size 1024K, 71 young (72704K), 9 survivors (9216K)
 Metaspace       used 17628K, committed 17920K, reserved 1114112K
  class space    used 2033K, committed 2176K, reserved 1048576K
}
Event: 4.100 GC heap after
{Heap after GC invocations=4 (full 0):
 garbage-first heap   total 126976K, used 15327K [0x0000000084000000, 0x0000000100000000)
  region size 1024K, 4 young (4096K), 4 survivors (4096K)
 Metaspace       used 17628K, committed 17920K, reserved 1114112K
  class space    used 2033K, committed 2176K, reserved 1048576K
}
Event: 4.482 GC heap before
{Heap before GC invocations=4 (full 0):
 garbage-first heap   total 126976K, used 34783K [0x0000000084000000, 0x0000000100000000)
  region size 1024K, 20 young (20480K), 4 survivors (4096K)
 Metaspace       used 21171K, committed 21504K, reserved 1114112K
  class space    used 2495K, committed 2688K, reserved 1048576K
}
Event: 4.497 GC heap after
{Heap after GC invocations=5 (full 0):
 garbage-first heap   total 152576K, used 23615K [0x0000000084000000, 0x0000000100000000)
  region size 1024K, 8 young (8192K), 8 survivors (8192K)
 Metaspace       used 21171K, committed 21504K, reserved 1114112K
  class space    used 2495K, committed 2688K, reserved 1048576K
}
Event: 5.357 GC heap before
{Heap before GC invocations=6 (full 0):
 garbage-first heap   total 86016K, used 67647K [0x0000000084000000, 0x0000000100000000)
  region size 1024K, 50 young (51200K), 8 survivors (8192K)
 Metaspace       used 26138K, committed 26432K, reserved 1114112K
  class space    used 3036K, committed 3200K, reserved 1048576K
}
Event: 5.388 GC heap after
{Heap after GC invocations=7 (full 0):
 garbage-first heap   total 90112K, used 35905K [0x0000000084000000, 0x0000000100000000)
  region size 1024K, 7 young (7168K), 7 survivors (7168K)
 Metaspace       used 26138K, committed 26432K, reserved 1114112K
  class space    used 3036K, committed 3200K, reserved 1048576K
}
Event: 5.393 GC heap before
{Heap before GC invocations=7 (full 0):
 garbage-first heap   total 90112K, used 36929K [0x0000000084000000, 0x0000000100000000)
  region size 1024K, 8 young (8192K), 7 survivors (7168K)
 Metaspace       used 26147K, committed 26432K, reserved 1114112K
  class space    used 3036K, committed 3200K, reserved 1048576K
}
Event: 5.403 GC heap after
{Heap after GC invocations=8 (full 0):
 garbage-first heap   total 90112K, used 37632K [0x0000000084000000, 0x0000000100000000)
  region size 1024K, 1 young (1024K), 1 survivors (1024K)
 Metaspace       used 26147K, committed 26432K, reserved 1114112K
  class space    used 3036K, committed 3200K, reserved 1048576K
}
Event: 5.951 GC heap before
{Heap before GC invocations=8 (full 0):
 garbage-first heap   total 90112K, used 69376K [0x0000000084000000, 0x0000000100000000)
  region size 1024K, 29 young (29696K), 1 survivors (1024K)
 Metaspace       used 27483K, committed 27712K, reserved 1114112K
  class space    used 3214K, committed 3328K, reserved 1048576K
}
Event: 5.965 GC heap after
{Heap after GC invocations=9 (full 0):
 garbage-first heap   total 90112K, used 50176K [0x0000000084000000, 0x0000000100000000)
  region size 1024K, 4 young (4096K), 4 survivors (4096K)
 Metaspace       used 27483K, committed 27712K, reserved 1114112K
  class space    used 3214K, committed 3328K, reserved 1048576K
}
Event: 5.987 GC heap before
{Heap before GC invocations=9 (full 0):
 garbage-first heap   total 90112K, used 51200K [0x0000000084000000, 0x0000000100000000)
  region size 1024K, 6 young (6144K), 4 survivors (4096K)
 Metaspace       used 27490K, committed 27776K, reserved 1114112K
  class space    used 3214K, committed 3328K, reserved 1048576K
}
Event: 5.992 GC heap after
{Heap after GC invocations=10 (full 0):
 garbage-first heap   total 90112K, used 51565K [0x0000000084000000, 0x0000000100000000)
  region size 1024K, 1 young (1024K), 1 survivors (1024K)
 Metaspace       used 27490K, committed 27776K, reserved 1114112K
  class space    used 3214K, committed 3328K, reserved 1048576K
}
Event: 6.185 GC heap before
{Heap before GC invocations=11 (full 0):
 garbage-first heap   total 92160K, used 61805K [0x0000000084000000, 0x0000000100000000)
  region size 1024K, 14 young (14336K), 1 survivors (1024K)
 Metaspace       used 27509K, committed 27776K, reserved 1114112K
  class space    used 3214K, committed 3328K, reserved 1048576K
}
Event: 6.193 GC heap after
{Heap after GC invocations=12 (full 0):
 garbage-first heap   total 92160K, used 54118K [0x0000000084000000, 0x0000000100000000)
  region size 1024K, 2 young (2048K), 2 survivors (2048K)
 Metaspace       used 27509K, committed 27776K, reserved 1114112K
  class space    used 3214K, committed 3328K, reserved 1048576K
}
Event: 6.264 GC heap before
{Heap before GC invocations=12 (full 0):
 garbage-first heap   total 92160K, used 55142K [0x0000000084000000, 0x0000000100000000)
  region size 1024K, 4 young (4096K), 2 survivors (2048K)
 Metaspace       used 27509K, committed 27776K, reserved 1114112K
  class space    used 3214K, committed 3328K, reserved 1048576K
}

